Fri 30 Apr 2021 | 00:55:38 | Logarr created new log file: /log/traefik/traefik.log
time="2021-04-30T00:57:08+02:00" level=info msg="Traefik version 2.4.8 built on 2021-03-23T15:48:39Z"
time="2021-04-30T00:57:08+02:00" level=debug msg="Static configuration loaded {\"global\":{\"checkNewVersion\":true},\"serversTransport\":{\"maxIdleConnsPerHost\":200},\"entryPoints\":{\"traefik\":{\"address\":\":8080\",\"transport\":{\"lifeCycle\":{\"graceTimeOut\":10000000000},\"respondingTimeouts\":{\"idleTimeout\":180000000000}},\"forwardedHeaders\":{},\"http\":{}},\"web\":{\"address\":\":80\",\"transport\":{\"lifeCycle\":{\"graceTimeOut\":10000000000},\"respondingTimeouts\":{\"idleTimeout\":180000000000}},\"forwardedHeaders\":{},\"http\":{}},\"websecure\":{\"address\":\":443\",\"transport\":{\"lifeCycle\":{\"graceTimeOut\":10000000000},\"respondingTimeouts\":{\"idleTimeout\":180000000000}},\"forwardedHeaders\":{},\"http\":{}}},\"providers\":{\"providersThrottleDuration\":2000000000,\"docker\":{\"watch\":true,\"endpoint\":\"//var/run/docker.sock\",\"defaultRule\":\"Host(`{{ normalize .Name }}`)\",\"exposedByDefault\":true,\"swarmModeRefreshSeconds\":15000000000}},\"api\":{\"dashboard\":true},\"ping\":{\"entryPoint\":\"traefik\",\"terminatingStatusCode\":503},\"log\":{\"level\":\"DEBUG\",\"filePath\":\"log/traefik.log\",\"format\":\"common\"},\"accessLog\":{\"filePath\":\"log/traefikaccess.log\",\"format\":\"common\",\"filters\":{},\"fields\":{\"defaultMode\":\"keep\",\"headers\":{\"defaultMode\":\"drop\"}}},\"pilot\":{\"dashboard\":true}}"
time="2021-04-30T00:57:08+02:00" level=info msg="\nStats collection is disabled.\nHelp us improve Traefik by turning this feature on :)\nMore details on: https://doc.traefik.io/traefik/contributing/data-collection/\n"
time="2021-04-30T00:57:08+02:00" level=info msg="Starting provider aggregator.ProviderAggregator {}"
time="2021-04-30T00:57:08+02:00" level=debug msg="Start TCP Server" entryPointName=web
time="2021-04-30T00:57:08+02:00" level=info msg="Starting provider *traefik.Provider {}"
time="2021-04-30T00:57:08+02:00" level=debug msg="Start TCP Server" entryPointName=traefik
time="2021-04-30T00:57:08+02:00" level=info msg="Starting provider *acme.ChallengeTLSALPN {\"Timeout\":4000000000}"
time="2021-04-30T00:57:08+02:00" level=info msg="Starting provider *docker.Provider {\"watch\":true,\"endpoint\":\"//var/run/docker.sock\",\"defaultRule\":\"Host(`{{ normalize .Name }}`)\",\"exposedByDefault\":true,\"swarmModeRefreshSeconds\":15000000000}"
time="2021-04-30T00:57:08+02:00" level=error msg="Failed to create a client for docker, error: unable to parse docker host `//var/run/docker.sock`" providerName=docker
time="2021-04-30T00:57:08+02:00" level=debug msg="Configuration received from provider internal: {\"http\":{\"routers\":{\"ping\":{\"entryPoints\":[\"traefik\"],\"service\":\"ping@internal\",\"rule\":\"PathPrefix(`/ping`)\",\"priority\":2147483647}},\"services\":{\"api\":{},\"dashboard\":{},\"noop\":{},\"ping\":{}},\"serversTransports\":{\"default\":{\"maxIdleConnsPerHost\":200}}},\"tcp\":{},\"tls\":{}}" providerName=internal
time="2021-04-30T00:57:08+02:00" level=debug msg="Start TCP Server" entryPointName=websecure
time="2021-04-30T00:57:08+02:00" level=error msg="Provider connection error unable to parse docker host `//var/run/docker.sock`, retrying in 552.330144ms" providerName=docker
time="2021-04-30T00:57:08+02:00" level=debug msg="Added outgoing tracing middleware ping@internal" entryPointName=traefik routerName=ping@internal middlewareName=tracing middlewareType=TracingForwarder
time="2021-04-30T00:57:08+02:00" level=debug msg="Creating middleware" middlewareType=Recovery entryPointName=traefik middlewareName=traefik-internal-recovery
time="2021-04-30T00:57:08+02:00" level=debug msg="No default certificate, generating one"
time="2021-04-30T00:57:08+02:00" level=debug msg="No default certificate, generating one"
time="2021-04-30T00:57:09+02:00" level=error msg="Failed to create a client for docker, error: unable to parse docker host `//var/run/docker.sock`" providerName=docker
time="2021-04-30T00:57:09+02:00" level=error msg="Provider connection error unable to parse docker host `//var/run/docker.sock`, retrying in 1.080381816s" providerName=docker
time="2021-04-30T00:57:10+02:00" level=error msg="Failed to create a client for docker, error: unable to parse docker host `//var/run/docker.sock`" providerName=docker
time="2021-04-30T00:57:10+02:00" level=error msg="Provider connection error unable to parse docker host `//var/run/docker.sock`, retrying in 1.31013006s" providerName=docker
time="2021-04-30T00:57:11+02:00" level=error msg="Failed to create a client for docker, error: unable to parse docker host `//var/run/docker.sock`" providerName=docker
time="2021-04-30T00:57:11+02:00" level=error msg="Provider connection error unable to parse docker host `//var/run/docker.sock`, retrying in 1.582392691s" providerName=docker
time="2021-04-30T00:57:13+02:00" level=error msg="Failed to create a client for docker, error: unable to parse docker host `//var/run/docker.sock`" providerName=docker
time="2021-04-30T00:57:13+02:00" level=error msg="Provider connection error unable to parse docker host `//var/run/docker.sock`, retrying in 2.340488664s" providerName=docker
time="2021-04-30T00:57:15+02:00" level=error msg="Failed to create a client for docker, error: unable to parse docker host `//var/run/docker.sock`" providerName=docker
time="2021-04-30T00:57:15+02:00" level=error msg="Provider connection error unable to parse docker host `//var/run/docker.sock`, retrying in 4.506218855s" providerName=docker
time="2021-04-30T00:57:19+02:00" level=error msg="Failed to create a client for docker, error: unable to parse docker host `//var/run/docker.sock`" providerName=docker
time="2021-04-30T00:57:19+02:00" level=error msg="Provider connection error unable to parse docker host `//var/run/docker.sock`, retrying in 3.221479586s" providerName=docker
time="2021-04-30T00:57:23+02:00" level=error msg="Failed to create a client for docker, error: unable to parse docker host `//var/run/docker.sock`" providerName=docker
time="2021-04-30T00:57:23+02:00" level=error msg="Provider connection error unable to parse docker host `//var/run/docker.sock`, retrying in 5.608623477s" providerName=docker
time="2021-04-30T00:57:28+02:00" level=error msg="Failed to create a client for docker, error: unable to parse docker host `//var/run/docker.sock`" providerName=docker
time="2021-04-30T00:57:28+02:00" level=error msg="Provider connection error unable to parse docker host `//var/run/docker.sock`, retrying in 7.649837917s" providerName=docker
time="2021-04-30T00:57:36+02:00" level=error msg="Failed to create a client for docker, error: unable to parse docker host `//var/run/docker.sock`" providerName=docker
time="2021-04-30T00:57:36+02:00" level=error msg="Provider connection error unable to parse docker host `//var/run/docker.sock`, retrying in 15.394871241s" providerName=docker
time="2021-04-30T00:57:51+02:00" level=error msg="Failed to create a client for docker, error: unable to parse docker host `//var/run/docker.sock`" providerName=docker
time="2021-04-30T00:57:51+02:00" level=error msg="Provider connection error unable to parse docker host `//var/run/docker.sock`, retrying in 507.606314ms" providerName=docker
time="2021-04-30T00:57:52+02:00" level=error msg="Failed to create a client for docker, error: unable to parse docker host `//var/run/docker.sock`" providerName=docker
time="2021-04-30T00:57:52+02:00" level=error msg="Provider connection error unable to parse docker host `//var/run/docker.sock`, retrying in 985.229971ms" providerName=docker
time="2021-04-30T00:57:53+02:00" level=error msg="Failed to create a client for docker, error: unable to parse docker host `//var/run/docker.sock`" providerName=docker
time="2021-04-30T00:57:53+02:00" level=error msg="Provider connection error unable to parse docker host `//var/run/docker.sock`, retrying in 803.546856ms" providerName=docker
time="2021-04-30T00:57:54+02:00" level=error msg="Failed to create a client for docker, error: unable to parse docker host `//var/run/docker.sock`" providerName=docker
time="2021-04-30T00:57:54+02:00" level=error msg="Provider connection error unable to parse docker host `//var/run/docker.sock`, retrying in 1.486109007s" providerName=docker
time="2021-04-30T00:57:55+02:00" level=error msg="Failed to create a client for docker, error: unable to parse docker host `//var/run/docker.sock`" providerName=docker
time="2021-04-30T00:57:55+02:00" level=error msg="Provider connection error unable to parse docker host `//var/run/docker.sock`, retrying in 2.070709754s" providerName=docker
time="2021-04-30T00:57:57+02:00" level=error msg="Failed to create a client for docker, error: unable to parse docker host `//var/run/docker.sock`" providerName=docker
time="2021-04-30T00:57:57+02:00" level=error msg="Provider connection error unable to parse docker host `//var/run/docker.sock`, retrying in 3.67875363s" providerName=docker
time="2021-04-30T00:58:01+02:00" level=error msg="Failed to create a client for docker, error: unable to parse docker host `//var/run/docker.sock`" providerName=docker
time="2021-04-30T00:58:01+02:00" level=error msg="Provider connection error unable to parse docker host `//var/run/docker.sock`, retrying in 4.459624189s" providerName=docker
time="2021-04-30T00:58:05+02:00" level=error msg="Failed to create a client for docker, error: unable to parse docker host `//var/run/docker.sock`" providerName=docker
time="2021-04-30T00:58:05+02:00" level=error msg="Provider connection error unable to parse docker host `//var/run/docker.sock`, retrying in 6.775444383s" providerName=docker
time="2021-04-30T00:58:12+02:00" level=error msg="Failed to create a client for docker, error: unable to parse docker host `//var/run/docker.sock`" providerName=docker
time="2021-04-30T00:58:12+02:00" level=error msg="Provider connection error unable to parse docker host `//var/run/docker.sock`, retrying in 15.10932531s" providerName=docker
time="2021-04-30T00:58:27+02:00" level=error msg="Failed to create a client for docker, error: unable to parse docker host `//var/run/docker.sock`" providerName=docker
time="2021-04-30T00:58:27+02:00" level=error msg="Provider connection error unable to parse docker host `//var/run/docker.sock`, retrying in 359.276526ms" providerName=docker
time="2021-04-30T00:58:28+02:00" level=error msg="Failed to create a client for docker, error: unable to parse docker host `//var/run/docker.sock`" providerName=docker
time="2021-04-30T00:58:28+02:00" level=error msg="Provider connection error unable to parse docker host `//var/run/docker.sock`, retrying in 527.390157ms" providerName=docker
time="2021-04-30T00:58:28+02:00" level=error msg="Failed to create a client for docker, error: unable to parse docker host `//var/run/docker.sock`" providerName=docker
time="2021-04-30T00:58:28+02:00" level=error msg="Provider connection error unable to parse docker host `//var/run/docker.sock`, retrying in 968.480344ms" providerName=docker
time="2021-04-30T00:58:29+02:00" level=error msg="Failed to create a client for docker, error: unable to parse docker host `//var/run/docker.sock`" providerName=docker
time="2021-04-30T00:58:29+02:00" level=error msg="Provider connection error unable to parse docker host `//var/run/docker.sock`, retrying in 1.806761153s" providerName=docker
time="2021-04-30T00:58:31+02:00" level=error msg="Failed to create a client for docker, error: unable to parse docker host `//var/run/docker.sock`" providerName=docker
time="2021-04-30T00:58:31+02:00" level=error msg="Provider connection error unable to parse docker host `//var/run/docker.sock`, retrying in 3.448806451s" providerName=docker
time="2021-04-30T00:58:34+02:00" level=error msg="Failed to create a client for docker, error: unable to parse docker host `//var/run/docker.sock`" providerName=docker
time="2021-04-30T00:58:34+02:00" level=error msg="Provider connection error unable to parse docker host `//var/run/docker.sock`, retrying in 3.011355647s" providerName=docker
time="2021-04-30T00:58:37+02:00" level=error msg="Failed to create a client for docker, error: unable to parse docker host `//var/run/docker.sock`" providerName=docker
time="2021-04-30T00:58:37+02:00" level=error msg="Provider connection error unable to parse docker host `//var/run/docker.sock`, retrying in 4.539634288s" providerName=docker
time="2021-04-30T00:58:42+02:00" level=error msg="Failed to create a client for docker, error: unable to parse docker host `//var/run/docker.sock`" providerName=docker
time="2021-04-30T00:58:42+02:00" level=error msg="Provider connection error unable to parse docker host `//var/run/docker.sock`, retrying in 10.7006923s" providerName=docker
time="2021-04-30T00:58:53+02:00" level=error msg="Failed to create a client for docker, error: unable to parse docker host `//var/run/docker.sock`" providerName=docker
time="2021-04-30T00:58:53+02:00" level=error msg="Provider connection error unable to parse docker host `//var/run/docker.sock`, retrying in 9.0544704s" providerName=docker
time="2021-04-30T00:59:02+02:00" level=error msg="Failed to create a client for docker, error: unable to parse docker host `//var/run/docker.sock`" providerName=docker
time="2021-04-30T00:59:02+02:00" level=error msg="Provider connection error unable to parse docker host `//var/run/docker.sock`, retrying in 682.667507ms" providerName=docker
time="2021-04-30T00:59:02+02:00" level=error msg="Failed to create a client for docker, error: unable to parse docker host `//var/run/docker.sock`" providerName=docker
time="2021-04-30T00:59:02+02:00" level=error msg="Provider connection error unable to parse docker host `//var/run/docker.sock`, retrying in 897.539375ms" providerName=docker
time="2021-04-30T00:59:03+02:00" level=error msg="Failed to create a client for docker, error: unable to parse docker host `//var/run/docker.sock`" providerName=docker
time="2021-04-30T00:59:03+02:00" level=error msg="Provider connection error unable to parse docker host `//var/run/docker.sock`, retrying in 1.151797844s" providerName=docker
time="2021-04-30T00:59:04+02:00" level=error msg="Failed to create a client for docker, error: unable to parse docker host `//var/run/docker.sock`" providerName=docker
time="2021-04-30T00:59:04+02:00" level=error msg="Provider connection error unable to parse docker host `//var/run/docker.sock`, retrying in 891.511453ms" providerName=docker
time="2021-04-30T00:59:05+02:00" level=error msg="Failed to create a client for docker, error: unable to parse docker host `//var/run/docker.sock`" providerName=docker
time="2021-04-30T00:59:05+02:00" level=error msg="Provider connection error unable to parse docker host `//var/run/docker.sock`, retrying in 1.666393453s" providerName=docker
time="2021-04-30T00:59:07+02:00" level=error msg="Failed to create a client for docker, error: unable to parse docker host `//var/run/docker.sock`" providerName=docker
time="2021-04-30T00:59:07+02:00" level=error msg="Provider connection error unable to parse docker host `//var/run/docker.sock`, retrying in 4.204102903s" providerName=docker
time="2021-04-30T00:59:11+02:00" level=error msg="Failed to create a client for docker, error: unable to parse docker host `//var/run/docker.sock`" providerName=docker
time="2021-04-30T00:59:11+02:00" level=error msg="Provider connection error unable to parse docker host `//var/run/docker.sock`, retrying in 8.401962033s" providerName=docker
time="2021-04-30T00:59:20+02:00" level=error msg="Failed to create a client for docker, error: unable to parse docker host `//var/run/docker.sock`" providerName=docker
time="2021-04-30T00:59:20+02:00" level=error msg="Provider connection error unable to parse docker host `//var/run/docker.sock`, retrying in 4.950254196s" providerName=docker
time="2021-04-30T00:59:25+02:00" level=error msg="Failed to create a client for docker, error: unable to parse docker host `//var/run/docker.sock`" providerName=docker
time="2021-04-30T00:59:25+02:00" level=error msg="Provider connection error unable to parse docker host `//var/run/docker.sock`, retrying in 14.029373456s" providerName=docker
time="2021-04-30T00:59:30+02:00" level=info msg="I have to go..."
time="2021-04-30T00:59:30+02:00" level=info msg="Stopping server gracefully"
time="2021-04-30T00:59:30+02:00" level=debug msg="Waiting 10s seconds before killing connections." entryPointName=traefik
time="2021-04-30T00:59:30+02:00" level=debug msg="Waiting 10s seconds before killing connections." entryPointName=websecure
time="2021-04-30T00:59:30+02:00" level=error msg="accept tcp [::]:8080: use of closed network connection" entryPointName=traefik
time="2021-04-30T00:59:30+02:00" level=error msg="Error while starting server: http: Server closed" entryPointName=traefik
time="2021-04-30T00:59:30+02:00" level=debug msg="Waiting 10s seconds before killing connections." entryPointName=web
time="2021-04-30T00:59:30+02:00" level=error msg="accept tcp [::]:443: use of closed network connection" entryPointName=websecure
time="2021-04-30T00:59:30+02:00" level=error msg="Error while starting server: http: Server closed" entryPointName=websecure
time="2021-04-30T00:59:30+02:00" level=error msg="accept tcp [::]:80: use of closed network connection" entryPointName=web
time="2021-04-30T00:59:30+02:00" level=error msg="close tcp [::]:8080: use of closed network connection" entryPointName=traefik
time="2021-04-30T00:59:30+02:00" level=debug msg="Entry point traefik closed" entryPointName=traefik
time="2021-04-30T00:59:30+02:00" level=error msg="close tcp [::]:80: use of closed network connection" entryPointName=web
time="2021-04-30T00:59:30+02:00" level=debug msg="Entry point web closed" entryPointName=web
time="2021-04-30T00:59:30+02:00" level=error msg="Error while starting server: http: Server closed" entryPointName=web
time="2021-04-30T00:59:30+02:00" level=error msg="Error while starting server: http: Server closed" entryPointName=websecure
time="2021-04-30T00:59:30+02:00" level=error msg="close tcp [::]:443: use of closed network connection" entryPointName=websecure
time="2021-04-30T00:59:30+02:00" level=debug msg="Entry point websecure closed" entryPointName=websecure
time="2021-04-30T00:59:30+02:00" level=info msg="Server stopped"
time="2021-04-30T00:59:30+02:00" level=error msg="Error while starting server: http: Server closed" entryPointName=web
time="2021-04-30T00:59:30+02:00" level=error msg="Error while starting server: http: Server closed" entryPointName=traefik
time="2021-04-30T00:59:30+02:00" level=info msg="Shutting down"
time="2021-04-30T00:59:30+02:00" level=error msg="Cannot connect to docker server context canceled" providerName=docker
time="2021-04-30T00:59:35+02:00" level=info msg="Traefik version 2.4.8 built on 2021-03-23T15:48:39Z"
time="2021-04-30T00:59:35+02:00" level=debug msg="Static configuration loaded {\"global\":{\"checkNewVersion\":true},\"serversTransport\":{\"maxIdleConnsPerHost\":200},\"entryPoints\":{\"traefik\":{\"address\":\":8080\",\"transport\":{\"lifeCycle\":{\"graceTimeOut\":10000000000},\"respondingTimeouts\":{\"idleTimeout\":180000000000}},\"forwardedHeaders\":{},\"http\":{}},\"web\":{\"address\":\":80\",\"transport\":{\"lifeCycle\":{\"graceTimeOut\":10000000000},\"respondingTimeouts\":{\"idleTimeout\":180000000000}},\"forwardedHeaders\":{},\"http\":{}},\"websecure\":{\"address\":\":443\",\"transport\":{\"lifeCycle\":{\"graceTimeOut\":10000000000},\"respondingTimeouts\":{\"idleTimeout\":180000000000}},\"forwardedHeaders\":{},\"http\":{}}},\"providers\":{\"providersThrottleDuration\":2000000000},\"api\":{\"dashboard\":true},\"ping\":{\"entryPoint\":\"traefik\",\"terminatingStatusCode\":503},\"log\":{\"level\":\"DEBUG\",\"filePath\":\"log/traefik.log\",\"format\":\"common\"},\"accessLog\":{\"filePath\":\"log/traefikaccess.log\",\"format\":\"common\",\"filters\":{},\"fields\":{\"defaultMode\":\"keep\",\"headers\":{\"defaultMode\":\"drop\"}}},\"pilot\":{\"dashboard\":true}}"
time="2021-04-30T00:59:35+02:00" level=info msg="\nStats collection is disabled.\nHelp us improve Traefik by turning this feature on :)\nMore details on: https://doc.traefik.io/traefik/contributing/data-collection/\n"
time="2021-04-30T00:59:35+02:00" level=info msg="Starting provider aggregator.ProviderAggregator {}"
time="2021-04-30T00:59:35+02:00" level=debug msg="Start TCP Server" entryPointName=websecure
time="2021-04-30T00:59:35+02:00" level=info msg="Starting provider *traefik.Provider {}"
time="2021-04-30T00:59:35+02:00" level=debug msg="Start TCP Server" entryPointName=web
time="2021-04-30T00:59:35+02:00" level=debug msg="Start TCP Server" entryPointName=traefik
time="2021-04-30T00:59:35+02:00" level=info msg="Starting provider *acme.ChallengeTLSALPN {\"Timeout\":4000000000}"
time="2021-04-30T00:59:35+02:00" level=debug msg="Configuration received from provider internal: {\"http\":{\"routers\":{\"ping\":{\"entryPoints\":[\"traefik\"],\"service\":\"ping@internal\",\"rule\":\"PathPrefix(`/ping`)\",\"priority\":2147483647}},\"services\":{\"api\":{},\"dashboard\":{},\"noop\":{},\"ping\":{}},\"serversTransports\":{\"default\":{\"maxIdleConnsPerHost\":200}}},\"tcp\":{},\"tls\":{}}" providerName=internal
time="2021-04-30T00:59:35+02:00" level=debug msg="Added outgoing tracing middleware ping@internal" entryPointName=traefik routerName=ping@internal middlewareName=tracing middlewareType=TracingForwarder
time="2021-04-30T00:59:35+02:00" level=debug msg="Creating middleware" middlewareType=Recovery entryPointName=traefik middlewareName=traefik-internal-recovery
time="2021-04-30T00:59:35+02:00" level=debug msg="No default certificate, generating one"
time="2021-04-30T00:59:36+02:00" level=debug msg="No default certificate, generating one"
time="2021-04-30T01:00:21+02:00" level=debug msg="Serving default certificate for request: \"localhost\""
time="2021-04-30T01:00:21+02:00" level=debug msg="http: TLS handshake error from 172.20.0.1:60172: remote error: tls: unknown certificate"
time="2021-04-30T01:00:24+02:00" level=debug msg="Serving default certificate for request: \"localhost\""
time="2021-04-30T01:00:24+02:00" level=debug msg="http: TLS handshake error from 172.20.0.1:60178: remote error: tls: unknown certificate"
time="2021-04-30T01:00:24+02:00" level=debug msg="Serving default certificate for request: \"localhost\""
time="2021-04-30T01:00:43+02:00" level=debug msg="Serving default certificate for request: \"traefik.localhost\""
time="2021-04-30T01:00:43+02:00" level=debug msg="http: TLS handshake error from 172.20.0.1:60190: remote error: tls: unknown certificate"
time="2021-04-30T01:00:49+02:00" level=debug msg="Serving default certificate for request: \"traefik.localhost\""
time="2021-04-30T01:00:49+02:00" level=debug msg="http: TLS handshake error from 172.20.0.1:60196: remote error: tls: unknown certificate"
time="2021-04-30T01:00:49+02:00" level=debug msg="Serving default certificate for request: \"traefik.localhost\""
time="2021-04-30T01:02:05+02:00" level=debug msg="Serving default certificate for request: \"traefik.docker.localhost\""
time="2021-04-30T01:02:05+02:00" level=debug msg="http: TLS handshake error from 172.20.0.1:60224: remote error: tls: unknown certificate"
time="2021-04-30T01:02:07+02:00" level=debug msg="Serving default certificate for request: \"localhost\""
time="2021-04-30T01:02:07+02:00" level=debug msg="http: TLS handshake error from 172.20.0.1:60238: remote error: tls: unknown certificate"
time="2021-04-30T01:02:14+02:00" level=debug msg="Serving default certificate for request: \"localhost\""
time="2021-04-30T01:02:14+02:00" level=debug msg="http: TLS handshake error from 172.20.0.1:60244: remote error: tls: unknown certificate"
time="2021-04-30T01:02:14+02:00" level=debug msg="Serving default certificate for request: \"localhost\""
time="2021-04-30T01:02:19+02:00" level=debug msg="Serving default certificate for request: \"traefik.docker.localhost\""
time="2021-04-30T01:02:19+02:00" level=debug msg="http: TLS handshake error from 172.20.0.1:60256: remote error: tls: unknown certificate"
time="2021-04-30T01:02:19+02:00" level=debug msg="Serving default certificate for request: \"traefik.docker.localhost\""
time="2021-04-30T01:03:39+02:00" level=debug msg="Serving default certificate for request: \"traefik.localhost\""
time="2021-04-30T01:03:39+02:00" level=debug msg="http: TLS handshake error from 172.20.0.1:37690: remote error: tls: unknown certificate"
time="2021-04-30T01:03:39+02:00" level=debug msg="Serving default certificate for request: \"traefik.localhost\""
time="2021-04-30T01:03:44+02:00" level=debug msg="Serving default certificate for request: \"traefik.localhost\""
time="2021-04-30T01:03:44+02:00" level=debug msg="http: TLS handshake error from 172.20.0.1:39672: remote error: tls: unknown certificate"
time="2021-04-30T01:03:44+02:00" level=debug msg="Serving default certificate for request: \"traefik.localhost\""
time="2021-04-30T01:13:35+02:00" level=info msg="I have to go..."
time="2021-04-30T01:13:35+02:00" level=info msg="Stopping server gracefully"
time="2021-04-30T01:13:35+02:00" level=debug msg="Waiting 10s seconds before killing connections." entryPointName=web
time="2021-04-30T01:13:35+02:00" level=debug msg="Waiting 10s seconds before killing connections." entryPointName=traefik
time="2021-04-30T01:13:35+02:00" level=debug msg="Waiting 10s seconds before killing connections." entryPointName=websecure
time="2021-04-30T01:13:35+02:00" level=error msg="accept tcp [::]:80: use of closed network connection" entryPointName=web
time="2021-04-30T01:13:35+02:00" level=error msg="Error while starting server: http: Server closed" entryPointName=web
time="2021-04-30T01:13:35+02:00" level=error msg="accept tcp [::]:443: use of closed network connection" entryPointName=websecure
time="2021-04-30T01:13:35+02:00" level=error msg="accept tcp [::]:8080: use of closed network connection" entryPointName=traefik
time="2021-04-30T01:13:35+02:00" level=error msg="Error while starting server: http: Server closed" entryPointName=traefik
time="2021-04-30T01:13:35+02:00" level=error msg="Error while starting server: http: Server closed" entryPointName=websecure
time="2021-04-30T01:13:35+02:00" level=error msg="Error while starting server: http: Server closed" entryPointName=traefik
time="2021-04-30T01:13:35+02:00" level=error msg="close tcp [::]:443: use of closed network connection" entryPointName=websecure
time="2021-04-30T01:13:35+02:00" level=debug msg="Entry point websecure closed" entryPointName=websecure
time="2021-04-30T01:13:35+02:00" level=error msg="close tcp [::]:80: use of closed network connection" entryPointName=web
time="2021-04-30T01:13:35+02:00" level=debug msg="Entry point web closed" entryPointName=web
time="2021-04-30T01:13:35+02:00" level=error msg="close tcp [::]:8080: use of closed network connection" entryPointName=traefik
time="2021-04-30T01:13:35+02:00" level=debug msg="Entry point traefik closed" entryPointName=traefik
time="2021-04-30T01:13:35+02:00" level=info msg="Server stopped"
time="2021-04-30T01:13:35+02:00" level=error msg="Error while starting server: http: Server closed" entryPointName=web
time="2021-04-30T01:13:35+02:00" level=error msg="Error while starting server: http: Server closed" entryPointName=websecure
time="2021-04-30T01:13:35+02:00" level=info msg="Shutting down"
time="2021-04-30T01:15:23+02:00" level=info msg="Traefik version 2.4.8 built on 2021-03-23T15:48:39Z"
time="2021-04-30T01:15:23+02:00" level=debug msg="Static configuration loaded {\"global\":{\"checkNewVersion\":true},\"serversTransport\":{\"maxIdleConnsPerHost\":200},\"entryPoints\":{\"traefik\":{\"address\":\":8080\",\"transport\":{\"lifeCycle\":{\"graceTimeOut\":10000000000},\"respondingTimeouts\":{\"idleTimeout\":180000000000}},\"forwardedHeaders\":{},\"http\":{}},\"web\":{\"address\":\":80\",\"transport\":{\"lifeCycle\":{\"graceTimeOut\":10000000000},\"respondingTimeouts\":{\"idleTimeout\":180000000000}},\"forwardedHeaders\":{},\"http\":{}},\"websecure\":{\"address\":\":443\",\"transport\":{\"lifeCycle\":{\"graceTimeOut\":10000000000},\"respondingTimeouts\":{\"idleTimeout\":180000000000}},\"forwardedHeaders\":{},\"http\":{}}},\"providers\":{\"providersThrottleDuration\":2000000000},\"api\":{\"dashboard\":true},\"ping\":{\"entryPoint\":\"traefik\",\"terminatingStatusCode\":503},\"log\":{\"level\":\"DEBUG\",\"filePath\":\"log/traefik.log\",\"format\":\"common\"},\"accessLog\":{\"filePath\":\"log/traefikaccess.log\",\"format\":\"common\",\"filters\":{},\"fields\":{\"defaultMode\":\"keep\",\"headers\":{\"defaultMode\":\"drop\"}}},\"pilot\":{\"dashboard\":true}}"
time="2021-04-30T01:15:23+02:00" level=info msg="\nStats collection is disabled.\nHelp us improve Traefik by turning this feature on :)\nMore details on: https://doc.traefik.io/traefik/contributing/data-collection/\n"
time="2021-04-30T01:15:23+02:00" level=info msg="Starting provider aggregator.ProviderAggregator {}"
time="2021-04-30T01:15:23+02:00" level=debug msg="Start TCP Server" entryPointName=traefik
time="2021-04-30T01:15:23+02:00" level=info msg="Starting provider *traefik.Provider {}"
time="2021-04-30T01:15:23+02:00" level=debug msg="Start TCP Server" entryPointName=websecure
time="2021-04-30T01:15:23+02:00" level=info msg="Starting provider *acme.ChallengeTLSALPN {\"Timeout\":4000000000}"
time="2021-04-30T01:15:23+02:00" level=debug msg="Start TCP Server" entryPointName=web
time="2021-04-30T01:15:23+02:00" level=debug msg="Configuration received from provider internal: {\"http\":{\"routers\":{\"ping\":{\"entryPoints\":[\"traefik\"],\"service\":\"ping@internal\",\"rule\":\"PathPrefix(`/ping`)\",\"priority\":2147483647}},\"services\":{\"api\":{},\"dashboard\":{},\"noop\":{},\"ping\":{}},\"serversTransports\":{\"default\":{\"maxIdleConnsPerHost\":200}}},\"tcp\":{},\"tls\":{}}" providerName=internal
time="2021-04-30T01:15:23+02:00" level=debug msg="Added outgoing tracing middleware ping@internal" middlewareName=tracing middlewareType=TracingForwarder entryPointName=traefik routerName=ping@internal
time="2021-04-30T01:15:23+02:00" level=debug msg="Creating middleware" middlewareName=traefik-internal-recovery middlewareType=Recovery entryPointName=traefik
time="2021-04-30T01:15:23+02:00" level=debug msg="No default certificate, generating one"
time="2021-04-30T01:15:23+02:00" level=debug msg="No default certificate, generating one"
time="2021-04-30T01:15:48+02:00" level=debug msg="Serving default certificate for request: \"traefik.localhost\""
time="2021-04-30T01:15:48+02:00" level=debug msg="http: TLS handshake error from 172.20.0.1:60440: remote error: tls: unknown certificate"
time="2021-04-30T01:15:50+02:00" level=debug msg="Serving default certificate for request: \"traefik.localhost\""
time="2021-04-30T01:15:50+02:00" level=debug msg="http: TLS handshake error from 172.20.0.1:60446: remote error: tls: unknown certificate"
time="2021-04-30T01:15:50+02:00" level=debug msg="Serving default certificate for request: \"traefik.localhost\""
time="2021-04-30T01:15:54+02:00" level=debug msg="Serving default certificate for request: \"traefik.localhost\""
time="2021-04-30T01:15:54+02:00" level=debug msg="http: TLS handshake error from 172.20.0.1:39836: remote error: tls: unknown certificate"
time="2021-04-30T01:15:54+02:00" level=debug msg="Serving default certificate for request: \"traefik.localhost\""
time="2021-04-30T01:19:42+02:00" level=info msg="I have to go..."
time="2021-04-30T01:19:42+02:00" level=info msg="Stopping server gracefully"
time="2021-04-30T01:19:42+02:00" level=debug msg="Waiting 10s seconds before killing connections." entryPointName=websecure
time="2021-04-30T01:19:42+02:00" level=debug msg="Waiting 10s seconds before killing connections." entryPointName=traefik
time="2021-04-30T01:19:42+02:00" level=error msg="accept tcp [::]:443: use of closed network connection" entryPointName=websecure
time="2021-04-30T01:19:42+02:00" level=error msg="Error while starting server: http: Server closed" entryPointName=websecure
time="2021-04-30T01:19:42+02:00" level=error msg="accept tcp [::]:8080: use of closed network connection" entryPointName=traefik
time="2021-04-30T01:19:42+02:00" level=error msg="Error while starting server: http: Server closed" entryPointName=websecure
time="2021-04-30T01:19:42+02:00" level=error msg="Error while starting server: http: Server closed" entryPointName=traefik
time="2021-04-30T01:19:42+02:00" level=error msg="Error while starting server: http: Server closed" entryPointName=traefik
time="2021-04-30T01:19:42+02:00" level=error msg="close tcp [::]:443: use of closed network connection" entryPointName=websecure
time="2021-04-30T01:19:42+02:00" level=error msg="close tcp [::]:8080: use of closed network connection" entryPointName=traefik
time="2021-04-30T01:19:42+02:00" level=debug msg="Entry point traefik closed" entryPointName=traefik
time="2021-04-30T01:19:42+02:00" level=debug msg="Entry point websecure closed" entryPointName=websecure
time="2021-04-30T01:19:42+02:00" level=debug msg="Waiting 10s seconds before killing connections." entryPointName=web
time="2021-04-30T01:19:42+02:00" level=error msg="accept tcp [::]:80: use of closed network connection" entryPointName=web
time="2021-04-30T01:19:42+02:00" level=error msg="Error while starting server: http: Server closed" entryPointName=web
time="2021-04-30T01:19:42+02:00" level=error msg="Error while starting server: http: Server closed" entryPointName=web
time="2021-04-30T01:19:42+02:00" level=error msg="close tcp [::]:80: use of closed network connection" entryPointName=web
time="2021-04-30T01:19:42+02:00" level=debug msg="Entry point web closed" entryPointName=web
time="2021-04-30T01:19:42+02:00" level=info msg="Server stopped"
time="2021-04-30T01:19:42+02:00" level=info msg="Shutting down"
time="2021-04-30T01:19:53+02:00" level=info msg="Traefik version 2.4.8 built on 2021-03-23T15:48:39Z"
time="2021-04-30T01:19:53+02:00" level=debug msg="Static configuration loaded {\"global\":{\"checkNewVersion\":true},\"serversTransport\":{\"maxIdleConnsPerHost\":200},\"entryPoints\":{\"traefik\":{\"address\":\":8080\",\"transport\":{\"lifeCycle\":{\"graceTimeOut\":10000000000},\"respondingTimeouts\":{\"idleTimeout\":180000000000}},\"forwardedHeaders\":{},\"http\":{}},\"web\":{\"address\":\":80\",\"transport\":{\"lifeCycle\":{\"graceTimeOut\":10000000000},\"respondingTimeouts\":{\"idleTimeout\":180000000000}},\"forwardedHeaders\":{},\"http\":{}},\"websecure\":{\"address\":\":443\",\"transport\":{\"lifeCycle\":{\"graceTimeOut\":10000000000},\"respondingTimeouts\":{\"idleTimeout\":180000000000}},\"forwardedHeaders\":{},\"http\":{}}},\"providers\":{\"providersThrottleDuration\":2000000000},\"api\":{\"dashboard\":true},\"ping\":{\"entryPoint\":\"traefik\",\"terminatingStatusCode\":503},\"log\":{\"level\":\"DEBUG\",\"filePath\":\"log/traefik.log\",\"format\":\"common\"},\"accessLog\":{\"filePath\":\"log/traefikaccess.log\",\"format\":\"common\",\"filters\":{},\"fields\":{\"defaultMode\":\"keep\",\"headers\":{\"defaultMode\":\"drop\"}}},\"pilot\":{\"dashboard\":true}}"
time="2021-04-30T01:19:53+02:00" level=info msg="\nStats collection is disabled.\nHelp us improve Traefik by turning this feature on :)\nMore details on: https://doc.traefik.io/traefik/contributing/data-collection/\n"
time="2021-04-30T01:19:53+02:00" level=info msg="Starting provider aggregator.ProviderAggregator {}"
time="2021-04-30T01:19:53+02:00" level=debug msg="Start TCP Server" entryPointName=traefik
time="2021-04-30T01:19:53+02:00" level=info msg="Starting provider *traefik.Provider {}"
time="2021-04-30T01:19:53+02:00" level=debug msg="Start TCP Server" entryPointName=web
time="2021-04-30T01:19:53+02:00" level=info msg="Starting provider *acme.ChallengeTLSALPN {\"Timeout\":4000000000}"
time="2021-04-30T01:19:53+02:00" level=debug msg="Start TCP Server" entryPointName=websecure
time="2021-04-30T01:19:53+02:00" level=debug msg="Configuration received from provider internal: {\"http\":{\"routers\":{\"ping\":{\"entryPoints\":[\"traefik\"],\"service\":\"ping@internal\",\"rule\":\"PathPrefix(`/ping`)\",\"priority\":2147483647}},\"services\":{\"api\":{},\"dashboard\":{},\"noop\":{},\"ping\":{}},\"serversTransports\":{\"default\":{\"maxIdleConnsPerHost\":200}}},\"tcp\":{},\"tls\":{}}" providerName=internal
time="2021-04-30T01:19:53+02:00" level=debug msg="Added outgoing tracing middleware ping@internal" entryPointName=traefik routerName=ping@internal middlewareName=tracing middlewareType=TracingForwarder
time="2021-04-30T01:19:53+02:00" level=debug msg="Creating middleware" middlewareType=Recovery entryPointName=traefik middlewareName=traefik-internal-recovery
time="2021-04-30T01:19:53+02:00" level=debug msg="No default certificate, generating one"
time="2021-04-30T01:19:53+02:00" level=debug msg="No default certificate, generating one"
time="2021-04-30T01:20:52+02:00" level=debug msg="Serving default certificate for request: \"traefik.localhost\""
time="2021-04-30T01:20:52+02:00" level=debug msg="http: TLS handshake error from 172.20.0.1:60524: remote error: tls: unknown certificate"
time="2021-04-30T01:20:54+02:00" level=debug msg="Serving default certificate for request: \"traefik.localhost\""
time="2021-04-30T01:20:54+02:00" level=debug msg="http: TLS handshake error from 172.20.0.1:60530: remote error: tls: unknown certificate"
time="2021-04-30T01:20:54+02:00" level=debug msg="Serving default certificate for request: \"traefik.localhost\""
time="2021-04-30T01:20:56+02:00" level=debug msg="Serving default certificate for request: \"traefik.localhost\""
time="2021-04-30T01:20:56+02:00" level=debug msg="http: TLS handshake error from 172.20.0.1:39920: remote error: tls: unknown certificate"
time="2021-04-30T01:20:56+02:00" level=debug msg="Serving default certificate for request: \"traefik.localhost\""
time="2021-04-30T01:21:01+02:00" level=debug msg="Serving default certificate for request: \"traefik.docker.localhost\""
time="2021-04-30T01:21:01+02:00" level=debug msg="http: TLS handshake error from 172.20.0.1:60554: remote error: tls: unknown certificate"
time="2021-04-30T01:21:04+02:00" level=debug msg="Serving default certificate for request: \"traefik.docker.localhost\""
time="2021-04-30T01:21:04+02:00" level=debug msg="http: TLS handshake error from 172.20.0.1:60560: remote error: tls: unknown certificate"
time="2021-04-30T01:21:04+02:00" level=debug msg="Serving default certificate for request: \"traefik.docker.localhost\""
time="2021-04-30T01:21:12+02:00" level=debug msg="Serving default certificate for request: \"traefik.localhost\""
time="2021-04-30T01:21:12+02:00" level=debug msg="http: TLS handshake error from 172.20.0.1:60572: remote error: tls: unknown certificate"
time="2021-04-30T01:21:18+02:00" level=debug msg="Serving default certificate for request: \"localhost\""
time="2021-04-30T01:21:18+02:00" level=debug msg="http: TLS handshake error from 172.20.0.1:60578: remote error: tls: unknown certificate"
time="2021-04-30T01:21:23+02:00" level=debug msg="Serving default certificate for request: \"localhost\""
time="2021-04-30T01:21:23+02:00" level=debug msg="http: TLS handshake error from 172.20.0.1:60586: remote error: tls: unknown certificate"
time="2021-04-30T01:21:23+02:00" level=debug msg="Serving default certificate for request: \"localhost\""
time="2021-04-30T01:21:28+02:00" level=debug msg="Serving default certificate for request: \"traefik.localhost\""
time="2021-04-30T01:21:28+02:00" level=debug msg="http: TLS handshake error from 172.20.0.1:60598: remote error: tls: unknown certificate"
time="2021-04-30T01:21:28+02:00" level=debug msg="Serving default certificate for request: \"traefik.localhost\""
time="2021-04-30T01:24:39+02:00" level=info msg="I have to go..."
time="2021-04-30T01:24:39+02:00" level=info msg="Stopping server gracefully"
time="2021-04-30T01:24:39+02:00" level=debug msg="Waiting 10s seconds before killing connections." entryPointName=web
time="2021-04-30T01:24:39+02:00" level=debug msg="Waiting 10s seconds before killing connections." entryPointName=websecure
time="2021-04-30T01:24:39+02:00" level=error msg="accept tcp [::]:80: use of closed network connection" entryPointName=web
time="2021-04-30T01:24:39+02:00" level=error msg="Error while starting server: http: Server closed" entryPointName=web
time="2021-04-30T01:24:39+02:00" level=error msg="accept tcp [::]:443: use of closed network connection" entryPointName=websecure
time="2021-04-30T01:24:39+02:00" level=error msg="Error while starting server: http: Server closed" entryPointName=web
time="2021-04-30T01:24:39+02:00" level=error msg="Error while starting server: http: Server closed" entryPointName=websecure
time="2021-04-30T01:24:39+02:00" level=error msg="Error while starting server: http: Server closed" entryPointName=websecure
time="2021-04-30T01:24:39+02:00" level=error msg="close tcp [::]:443: use of closed network connection" entryPointName=websecure
time="2021-04-30T01:24:39+02:00" level=debug msg="Entry point websecure closed" entryPointName=websecure
time="2021-04-30T01:24:39+02:00" level=debug msg="Waiting 10s seconds before killing connections." entryPointName=traefik
time="2021-04-30T01:24:39+02:00" level=error msg="close tcp [::]:80: use of closed network connection" entryPointName=web
time="2021-04-30T01:24:39+02:00" level=debug msg="Entry point web closed" entryPointName=web
time="2021-04-30T01:24:39+02:00" level=error msg="accept tcp [::]:8080: use of closed network connection" entryPointName=traefik
time="2021-04-30T01:24:39+02:00" level=error msg="Error while starting server: http: Server closed" entryPointName=traefik
time="2021-04-30T01:24:39+02:00" level=error msg="Error while starting server: http: Server closed" entryPointName=traefik
time="2021-04-30T01:24:39+02:00" level=error msg="close tcp [::]:8080: use of closed network connection" entryPointName=traefik
time="2021-04-30T01:24:39+02:00" level=debug msg="Entry point traefik closed" entryPointName=traefik
time="2021-04-30T01:24:39+02:00" level=info msg="Server stopped"
time="2021-04-30T01:24:39+02:00" level=info msg="Shutting down"
time="2021-04-30T01:24:42+02:00" level=info msg="Traefik version 2.4.8 built on 2021-03-23T15:48:39Z"
time="2021-04-30T01:24:42+02:00" level=debug msg="Static configuration loaded {\"global\":{\"checkNewVersion\":true},\"serversTransport\":{\"maxIdleConnsPerHost\":200},\"entryPoints\":{\"traefik\":{\"address\":\":8080\",\"transport\":{\"lifeCycle\":{\"graceTimeOut\":10000000000},\"respondingTimeouts\":{\"idleTimeout\":180000000000}},\"forwardedHeaders\":{},\"http\":{}},\"web\":{\"address\":\":80\",\"transport\":{\"lifeCycle\":{\"graceTimeOut\":10000000000},\"respondingTimeouts\":{\"idleTimeout\":180000000000}},\"forwardedHeaders\":{},\"http\":{}},\"websecure\":{\"address\":\":443\",\"transport\":{\"lifeCycle\":{\"graceTimeOut\":10000000000},\"respondingTimeouts\":{\"idleTimeout\":180000000000}},\"forwardedHeaders\":{},\"http\":{}}},\"providers\":{\"providersThrottleDuration\":2000000000,\"file\":{\"watch\":true,\"filename\":\"/configuration/certificates.yml\"}},\"api\":{\"dashboard\":true},\"ping\":{\"entryPoint\":\"traefik\",\"terminatingStatusCode\":503},\"log\":{\"level\":\"DEBUG\",\"filePath\":\"log/traefik.log\",\"format\":\"common\"},\"accessLog\":{\"filePath\":\"log/traefikaccess.log\",\"format\":\"common\",\"filters\":{},\"fields\":{\"defaultMode\":\"keep\",\"headers\":{\"defaultMode\":\"drop\"}}},\"pilot\":{\"dashboard\":true}}"
time="2021-04-30T01:24:42+02:00" level=info msg="\nStats collection is disabled.\nHelp us improve Traefik by turning this feature on :)\nMore details on: https://doc.traefik.io/traefik/contributing/data-collection/\n"
time="2021-04-30T01:24:42+02:00" level=info msg="Starting provider aggregator.ProviderAggregator {}"
time="2021-04-30T01:24:42+02:00" level=debug msg="Start TCP Server" entryPointName=web
time="2021-04-30T01:24:42+02:00" level=debug msg="Start TCP Server" entryPointName=websecure
time="2021-04-30T01:24:42+02:00" level=debug msg="Start TCP Server" entryPointName=traefik
time="2021-04-30T01:24:42+02:00" level=info msg="Starting provider *file.Provider {\"watch\":true,\"filename\":\"/configuration/certificates.yml\"}"
time="2021-04-30T01:24:42+02:00" level=info msg="Starting provider *traefik.Provider {}"
time="2021-04-30T01:24:42+02:00" level=info msg="Starting provider *acme.ChallengeTLSALPN {\"Timeout\":4000000000}"
time="2021-04-30T01:24:42+02:00" level=debug msg="Configuration received from provider file: {\"http\":{},\"tcp\":{},\"udp\":{},\"tls\":{}}" providerName=file
time="2021-04-30T01:24:42+02:00" level=debug msg="Configuration received from provider internal: {\"http\":{\"routers\":{\"ping\":{\"entryPoints\":[\"traefik\"],\"service\":\"ping@internal\",\"rule\":\"PathPrefix(`/ping`)\",\"priority\":2147483647}},\"services\":{\"api\":{},\"dashboard\":{},\"noop\":{},\"ping\":{}},\"serversTransports\":{\"default\":{\"maxIdleConnsPerHost\":200}}},\"tcp\":{},\"tls\":{}}" providerName=internal
time="2021-04-30T01:24:42+02:00" level=debug msg="No store is defined to add the certificate MIIElzCCAv+gAwIBAgIQLe6pP5D+lLWrj2Ba8RTiUTANBgkqhk, it will be added to the default store."
time="2021-04-30T01:24:42+02:00" level=debug msg="Adding certificate for domain(s) *.docker.localhost,localhost,localhost,127.0.0.1,0.0.0.0,::1"
time="2021-04-30T01:24:42+02:00" level=debug msg="No default certificate, generating one"
time="2021-04-30T01:24:43+02:00" level=debug msg="Added outgoing tracing middleware ping@internal" middlewareName=tracing middlewareType=TracingForwarder entryPointName=traefik routerName=ping@internal
time="2021-04-30T01:24:43+02:00" level=debug msg="Creating middleware" entryPointName=traefik middlewareName=traefik-internal-recovery middlewareType=Recovery
time="2021-04-30T01:24:43+02:00" level=debug msg="No default certificate, generating one"
time="2021-04-30T01:25:13+02:00" level=debug msg="Serving default certificate for request: \"traefik.localhost\""
time="2021-04-30T01:25:13+02:00" level=debug msg="http: TLS handshake error from 172.20.0.1:60670: remote error: tls: unknown certificate"
time="2021-04-30T01:25:16+02:00" level=debug msg="Serving default certificate for request: \"traefik.localhost\""
time="2021-04-30T01:25:16+02:00" level=debug msg="http: TLS handshake error from 172.20.0.1:60676: remote error: tls: unknown certificate"
time="2021-04-30T01:25:16+02:00" level=debug msg="Serving default certificate for request: \"traefik.localhost\""
time="2021-04-30T01:25:18+02:00" level=debug msg="Serving default certificate for request: \"traefik.localhost\""
time="2021-04-30T01:25:18+02:00" level=debug msg="http: TLS handshake error from 172.20.0.1:40066: remote error: tls: unknown certificate"
time="2021-04-30T01:25:18+02:00" level=debug msg="Serving default certificate for request: \"traefik.localhost\""
time="2021-04-30T01:26:14+02:00" level=debug msg="http: TLS handshake error from 172.20.0.1:40094: remote error: tls: unknown certificate"
time="2021-04-30T01:26:20+02:00" level=debug msg="http: TLS handshake error from 172.20.0.1:40100: remote error: tls: unknown certificate"
time="2021-04-30T01:26:23+02:00" level=debug msg="http: TLS handshake error from 172.20.0.1:60734: remote error: tls: unknown certificate"
time="2021-04-30T01:27:44+02:00" level=debug msg="http: TLS handshake error from 172.20.0.1:60784: remote error: tls: unknown certificate"
time="2021-04-30T01:27:57+02:00" level=debug msg="http: TLS handshake error from 172.20.0.1:60790: remote error: tls: unknown certificate"
time="2021-04-30T01:28:03+02:00" level=debug msg="http: TLS handshake error from 172.20.0.1:60796: remote error: tls: unknown certificate"
time="2021-04-30T01:28:29+02:00" level=debug msg="Serving default certificate for request: \"traefik.localhost\""
time="2021-04-30T01:28:29+02:00" level=debug msg="http: TLS handshake error from 172.20.0.1:60828: remote error: tls: unknown certificate"
time="2021-04-30T01:28:35+02:00" level=debug msg="http: TLS handshake error from 172.20.0.1:60834: remote error: tls: unknown certificate"
time="2021-04-30T01:28:41+02:00" level=debug msg="http: TLS handshake error from 172.20.0.1:60840: remote error: tls: unknown certificate"
time="2021-04-30T01:29:04+02:00" level=debug msg="http: TLS handshake error from 172.20.0.1:60846: remote error: tls: unknown certificate"
time="2021-04-30T01:29:37+02:00" level=debug msg="Serving default certificate for request: \"traefik.localhost\""
time="2021-04-30T01:29:37+02:00" level=debug msg="http: TLS handshake error from 172.20.0.1:60866: remote error: tls: unknown certificate"
time="2021-04-30T01:29:37+02:00" level=debug msg="Serving default certificate for request: \"traefik.localhost\""
time="2021-04-30T01:34:30+02:00" level=info msg="I have to go..."
time="2021-04-30T01:34:30+02:00" level=info msg="Stopping server gracefully"
time="2021-04-30T01:34:30+02:00" level=debug msg="Waiting 10s seconds before killing connections." entryPointName=traefik
time="2021-04-30T01:34:30+02:00" level=debug msg="Waiting 10s seconds before killing connections." entryPointName=web
time="2021-04-30T01:34:30+02:00" level=debug msg="Waiting 10s seconds before killing connections." entryPointName=websecure
time="2021-04-30T01:34:30+02:00" level=error msg="accept tcp [::]:80: use of closed network connection" entryPointName=web
time="2021-04-30T01:34:30+02:00" level=error msg="accept tcp [::]:443: use of closed network connection" entryPointName=websecure
time="2021-04-30T01:34:30+02:00" level=error msg="close tcp [::]:80: use of closed network connection" entryPointName=web
time="2021-04-30T01:34:30+02:00" level=debug msg="Entry point web closed" entryPointName=web
time="2021-04-30T01:34:30+02:00" level=error msg="Error while starting server: http: Server closed" entryPointName=web
time="2021-04-30T01:34:30+02:00" level=error msg="Error while starting server: http: Server closed" entryPointName=websecure
time="2021-04-30T01:34:30+02:00" level=error msg="close tcp [::]:443: use of closed network connection" entryPointName=websecure
time="2021-04-30T01:34:30+02:00" level=debug msg="Entry point websecure closed" entryPointName=websecure
time="2021-04-30T01:34:30+02:00" level=error msg="Error while starting server: http: Server closed" entryPointName=web
time="2021-04-30T01:34:30+02:00" level=error msg="accept tcp [::]:8080: use of closed network connection" entryPointName=traefik
time="2021-04-30T01:34:30+02:00" level=error msg="Error while starting server: http: Server closed" entryPointName=websecure
time="2021-04-30T01:34:30+02:00" level=error msg="Error while starting server: http: Server closed" entryPointName=traefik
time="2021-04-30T01:34:30+02:00" level=error msg="Error while starting server: http: Server closed" entryPointName=traefik
time="2021-04-30T01:34:30+02:00" level=error msg="close tcp [::]:8080: use of closed network connection" entryPointName=traefik
time="2021-04-30T01:34:30+02:00" level=debug msg="Entry point traefik closed" entryPointName=traefik
time="2021-04-30T01:34:30+02:00" level=info msg="Server stopped"
time="2021-04-30T01:34:30+02:00" level=info msg="Shutting down"
time="2021-04-30T01:36:41+02:00" level=error msg="Failed to retrieve information of the docker client and server host: Cannot connect to the Docker daemon at unix:///var/run/docker.sock. Is the docker daemon running?" providerName=docker
time="2021-04-30T01:36:41+02:00" level=error msg="Provider connection error Cannot connect to the Docker daemon at unix:///var/run/docker.sock. Is the docker daemon running?, retrying in 552.330144ms" providerName=docker
time="2021-04-30T01:36:41+02:00" level=error msg="Failed to retrieve information of the docker client and server host: Cannot connect to the Docker daemon at unix:///var/run/docker.sock. Is the docker daemon running?" providerName=docker
time="2021-04-30T01:36:41+02:00" level=error msg="Provider connection error Cannot connect to the Docker daemon at unix:///var/run/docker.sock. Is the docker daemon running?, retrying in 1.080381816s" providerName=docker
time="2021-04-30T01:36:42+02:00" level=error msg="Failed to retrieve information of the docker client and server host: Cannot connect to the Docker daemon at unix:///var/run/docker.sock. Is the docker daemon running?" providerName=docker
time="2021-04-30T01:36:42+02:00" level=error msg="Provider connection error Cannot connect to the Docker daemon at unix:///var/run/docker.sock. Is the docker daemon running?, retrying in 1.31013006s" providerName=docker
time="2021-04-30T01:36:44+02:00" level=error msg="Failed to retrieve information of the docker client and server host: Cannot connect to the Docker daemon at unix:///var/run/docker.sock. Is the docker daemon running?" providerName=docker
time="2021-04-30T01:36:44+02:00" level=error msg="Provider connection error Cannot connect to the Docker daemon at unix:///var/run/docker.sock. Is the docker daemon running?, retrying in 1.582392691s" providerName=docker
time="2021-04-30T01:36:45+02:00" level=error msg="Failed to retrieve information of the docker client and server host: Cannot connect to the Docker daemon at unix:///var/run/docker.sock. Is the docker daemon running?" providerName=docker
time="2021-04-30T01:36:45+02:00" level=error msg="Provider connection error Cannot connect to the Docker daemon at unix:///var/run/docker.sock. Is the docker daemon running?, retrying in 2.340488664s" providerName=docker
time="2021-04-30T01:36:48+02:00" level=error msg="Failed to retrieve information of the docker client and server host: Cannot connect to the Docker daemon at unix:///var/run/docker.sock. Is the docker daemon running?" providerName=docker
time="2021-04-30T01:36:48+02:00" level=error msg="Provider connection error Cannot connect to the Docker daemon at unix:///var/run/docker.sock. Is the docker daemon running?, retrying in 4.506218855s" providerName=docker
time="2021-04-30T01:36:52+02:00" level=error msg="Failed to retrieve information of the docker client and server host: Cannot connect to the Docker daemon at unix:///var/run/docker.sock. Is the docker daemon running?" providerName=docker
time="2021-04-30T01:36:52+02:00" level=error msg="Provider connection error Cannot connect to the Docker daemon at unix:///var/run/docker.sock. Is the docker daemon running?, retrying in 3.221479586s" providerName=docker
time="2021-04-30T01:36:55+02:00" level=error msg="Failed to retrieve information of the docker client and server host: Cannot connect to the Docker daemon at unix:///var/run/docker.sock. Is the docker daemon running?" providerName=docker
time="2021-04-30T01:36:55+02:00" level=error msg="Provider connection error Cannot connect to the Docker daemon at unix:///var/run/docker.sock. Is the docker daemon running?, retrying in 5.608623477s" providerName=docker
time="2021-04-30T01:37:01+02:00" level=error msg="Failed to retrieve information of the docker client and server host: Cannot connect to the Docker daemon at unix:///var/run/docker.sock. Is the docker daemon running?" providerName=docker
time="2021-04-30T01:37:01+02:00" level=error msg="Provider connection error Cannot connect to the Docker daemon at unix:///var/run/docker.sock. Is the docker daemon running?, retrying in 7.649837917s" providerName=docker
time="2021-04-30T01:37:09+02:00" level=error msg="Failed to retrieve information of the docker client and server host: Cannot connect to the Docker daemon at unix:///var/run/docker.sock. Is the docker daemon running?" providerName=docker
time="2021-04-30T01:37:09+02:00" level=error msg="Provider connection error Cannot connect to the Docker daemon at unix:///var/run/docker.sock. Is the docker daemon running?, retrying in 15.394871241s" providerName=docker
time="2021-04-30T01:37:24+02:00" level=error msg="Failed to retrieve information of the docker client and server host: Cannot connect to the Docker daemon at unix:///var/run/docker.sock. Is the docker daemon running?" providerName=docker
time="2021-04-30T01:37:24+02:00" level=error msg="Provider connection error Cannot connect to the Docker daemon at unix:///var/run/docker.sock. Is the docker daemon running?, retrying in 507.606314ms" providerName=docker
time="2021-04-30T01:37:25+02:00" level=error msg="Failed to retrieve information of the docker client and server host: Cannot connect to the Docker daemon at unix:///var/run/docker.sock. Is the docker daemon running?" providerName=docker
time="2021-04-30T01:37:25+02:00" level=error msg="Provider connection error Cannot connect to the Docker daemon at unix:///var/run/docker.sock. Is the docker daemon running?, retrying in 985.229971ms" providerName=docker
time="2021-04-30T01:37:25+02:00" level=error msg="Failed to retrieve information of the docker client and server host: Cannot connect to the Docker daemon at unix:///var/run/docker.sock. Is the docker daemon running?" providerName=docker
time="2021-04-30T01:37:25+02:00" level=error msg="Provider connection error Cannot connect to the Docker daemon at unix:///var/run/docker.sock. Is the docker daemon running?, retrying in 803.546856ms" providerName=docker
time="2021-04-30T01:37:26+02:00" level=error msg="Failed to retrieve information of the docker client and server host: Cannot connect to the Docker daemon at unix:///var/run/docker.sock. Is the docker daemon running?" providerName=docker
time="2021-04-30T01:37:26+02:00" level=error msg="Provider connection error Cannot connect to the Docker daemon at unix:///var/run/docker.sock. Is the docker daemon running?, retrying in 1.486109007s" providerName=docker
time="2021-04-30T01:37:28+02:00" level=error msg="Failed to retrieve information of the docker client and server host: Cannot connect to the Docker daemon at unix:///var/run/docker.sock. Is the docker daemon running?" providerName=docker
time="2021-04-30T01:37:28+02:00" level=error msg="Provider connection error Cannot connect to the Docker daemon at unix:///var/run/docker.sock. Is the docker daemon running?, retrying in 2.070709754s" providerName=docker
time="2021-04-30T01:37:30+02:00" level=error msg="Failed to retrieve information of the docker client and server host: Cannot connect to the Docker daemon at unix:///var/run/docker.sock. Is the docker daemon running?" providerName=docker
time="2021-04-30T01:37:30+02:00" level=error msg="Provider connection error Cannot connect to the Docker daemon at unix:///var/run/docker.sock. Is the docker daemon running?, retrying in 3.67875363s" providerName=docker
time="2021-04-30T01:37:34+02:00" level=error msg="Failed to retrieve information of the docker client and server host: Cannot connect to the Docker daemon at unix:///var/run/docker.sock. Is the docker daemon running?" providerName=docker
time="2021-04-30T01:37:34+02:00" level=error msg="Provider connection error Cannot connect to the Docker daemon at unix:///var/run/docker.sock. Is the docker daemon running?, retrying in 4.459624189s" providerName=docker
time="2021-04-30T01:37:38+02:00" level=error msg="Failed to retrieve information of the docker client and server host: Cannot connect to the Docker daemon at unix:///var/run/docker.sock. Is the docker daemon running?" providerName=docker
time="2021-04-30T01:37:38+02:00" level=error msg="Provider connection error Cannot connect to the Docker daemon at unix:///var/run/docker.sock. Is the docker daemon running?, retrying in 6.775444383s" providerName=docker
time="2021-04-30T01:37:45+02:00" level=error msg="Failed to retrieve information of the docker client and server host: Cannot connect to the Docker daemon at unix:///var/run/docker.sock. Is the docker daemon running?" providerName=docker
time="2021-04-30T01:37:45+02:00" level=error msg="Provider connection error Cannot connect to the Docker daemon at unix:///var/run/docker.sock. Is the docker daemon running?, retrying in 15.10932531s" providerName=docker
time="2021-04-30T01:38:00+02:00" level=error msg="Failed to retrieve information of the docker client and server host: Cannot connect to the Docker daemon at unix:///var/run/docker.sock. Is the docker daemon running?" providerName=docker
time="2021-04-30T01:38:00+02:00" level=error msg="Provider connection error Cannot connect to the Docker daemon at unix:///var/run/docker.sock. Is the docker daemon running?, retrying in 359.276526ms" providerName=docker
time="2021-04-30T01:38:00+02:00" level=error msg="Failed to retrieve information of the docker client and server host: Cannot connect to the Docker daemon at unix:///var/run/docker.sock. Is the docker daemon running?" providerName=docker
time="2021-04-30T01:38:00+02:00" level=error msg="Provider connection error Cannot connect to the Docker daemon at unix:///var/run/docker.sock. Is the docker daemon running?, retrying in 527.390157ms" providerName=docker
time="2021-04-30T01:38:01+02:00" level=error msg="Failed to retrieve information of the docker client and server host: Cannot connect to the Docker daemon at unix:///var/run/docker.sock. Is the docker daemon running?" providerName=docker
time="2021-04-30T01:38:01+02:00" level=error msg="Provider connection error Cannot connect to the Docker daemon at unix:///var/run/docker.sock. Is the docker daemon running?, retrying in 968.480344ms" providerName=docker
time="2021-04-30T01:38:02+02:00" level=error msg="Failed to retrieve information of the docker client and server host: Cannot connect to the Docker daemon at unix:///var/run/docker.sock. Is the docker daemon running?" providerName=docker
time="2021-04-30T01:38:02+02:00" level=error msg="Provider connection error Cannot connect to the Docker daemon at unix:///var/run/docker.sock. Is the docker daemon running?, retrying in 1.806761153s" providerName=docker
time="2021-04-30T01:38:04+02:00" level=error msg="Failed to retrieve information of the docker client and server host: Cannot connect to the Docker daemon at unix:///var/run/docker.sock. Is the docker daemon running?" providerName=docker
time="2021-04-30T01:38:04+02:00" level=error msg="Provider connection error Cannot connect to the Docker daemon at unix:///var/run/docker.sock. Is the docker daemon running?, retrying in 3.448806451s" providerName=docker
time="2021-04-30T01:38:07+02:00" level=error msg="Failed to retrieve information of the docker client and server host: Cannot connect to the Docker daemon at unix:///var/run/docker.sock. Is the docker daemon running?" providerName=docker
time="2021-04-30T01:38:07+02:00" level=error msg="Provider connection error Cannot connect to the Docker daemon at unix:///var/run/docker.sock. Is the docker daemon running?, retrying in 3.011355647s" providerName=docker
time="2021-04-30T01:38:10+02:00" level=error msg="Failed to retrieve information of the docker client and server host: Cannot connect to the Docker daemon at unix:///var/run/docker.sock. Is the docker daemon running?" providerName=docker
time="2021-04-30T01:38:10+02:00" level=error msg="Provider connection error Cannot connect to the Docker daemon at unix:///var/run/docker.sock. Is the docker daemon running?, retrying in 4.539634288s" providerName=docker
time="2021-04-30T01:38:15+02:00" level=error msg="Failed to retrieve information of the docker client and server host: Cannot connect to the Docker daemon at unix:///var/run/docker.sock. Is the docker daemon running?" providerName=docker
time="2021-04-30T01:38:15+02:00" level=error msg="Provider connection error Cannot connect to the Docker daemon at unix:///var/run/docker.sock. Is the docker daemon running?, retrying in 10.7006923s" providerName=docker
time="2021-04-30T01:38:23+02:00" level=error msg="accept tcp [::]:443: use of closed network connection" entryPointName=websecure
time="2021-04-30T01:38:23+02:00" level=error msg="Error while starting server: http: Server closed" entryPointName=websecure
time="2021-04-30T01:38:23+02:00" level=error msg="accept tcp [::]:80: use of closed network connection" entryPointName=web
time="2021-04-30T01:38:23+02:00" level=error msg="Error while starting server: http: Server closed" entryPointName=web
time="2021-04-30T01:38:23+02:00" level=error msg="Error while starting server: http: Server closed" entryPointName=web
time="2021-04-30T01:38:23+02:00" level=error msg="Error while starting server: http: Server closed" entryPointName=websecure
time="2021-04-30T01:38:23+02:00" level=error msg="close tcp [::]:80: use of closed network connection" entryPointName=web
time="2021-04-30T01:38:23+02:00" level=error msg="close tcp [::]:443: use of closed network connection" entryPointName=websecure
time="2021-04-30T01:38:24+02:00" level=error msg="Cannot connect to docker server context canceled" providerName=docker
time="2021-04-30T01:45:07+02:00" level=error msg="accept tcp [::]:443: use of closed network connection" entryPointName=websecure
time="2021-04-30T01:45:07+02:00" level=error msg="Error while starting server: http: Server closed" entryPointName=websecure
time="2021-04-30T01:45:07+02:00" level=error msg="accept tcp [::]:80: use of closed network connection" entryPointName=web
time="2021-04-30T01:45:07+02:00" level=error msg="Error while starting server: http: Server closed" entryPointName=web
time="2021-04-30T01:45:07+02:00" level=error msg="Error while starting server: http: Server closed" entryPointName=websecure
time="2021-04-30T01:45:07+02:00" level=error msg="close tcp [::]:443: use of closed network connection" entryPointName=websecure
time="2021-04-30T01:45:07+02:00" level=error msg="Error while starting server: http: Server closed" entryPointName=web
time="2021-04-30T01:45:07+02:00" level=error msg="close tcp [::]:80: use of closed network connection" entryPointName=web
time="2021-04-30T01:50:02+02:00" level=error msg="accept tcp [::]:80: use of closed network connection" entryPointName=web
time="2021-04-30T01:50:02+02:00" level=error msg="Error while starting server: http: Server closed" entryPointName=web
time="2021-04-30T01:50:02+02:00" level=error msg="accept tcp [::]:443: use of closed network connection" entryPointName=websecure
time="2021-04-30T01:50:02+02:00" level=error msg="Error while starting server: http: Server closed" entryPointName=websecure
time="2021-04-30T01:50:02+02:00" level=error msg="Error while starting server: http: Server closed" entryPointName=web
time="2021-04-30T01:50:02+02:00" level=error msg="Error while starting server: http: Server closed" entryPointName=websecure
time="2021-04-30T01:50:02+02:00" level=error msg="close tcp [::]:443: use of closed network connection" entryPointName=websecure
time="2021-04-30T01:50:02+02:00" level=error msg="close tcp [::]:80: use of closed network connection" entryPointName=web
time="2021-04-30T01:52:15+02:00" level=error msg="accept tcp [::]:443: use of closed network connection" entryPointName=websecure
time="2021-04-30T01:52:15+02:00" level=error msg="Error while starting server: http: Server closed" entryPointName=websecure
time="2021-04-30T01:52:15+02:00" level=error msg="accept tcp [::]:80: use of closed network connection" entryPointName=web
time="2021-04-30T01:52:15+02:00" level=error msg="Error while starting server: http: Server closed" entryPointName=web
time="2021-04-30T01:52:15+02:00" level=error msg="Error while starting server: http: Server closed" entryPointName=websecure
time="2021-04-30T01:52:15+02:00" level=error msg="Error while starting server: http: Server closed" entryPointName=web
time="2021-04-30T01:52:15+02:00" level=error msg="close tcp [::]:443: use of closed network connection" entryPointName=websecure
time="2021-04-30T01:52:15+02:00" level=error msg="close tcp [::]:80: use of closed network connection" entryPointName=web
time="2021-04-30T01:54:12+02:00" level=error msg="accept tcp [::]:80: use of closed network connection" entryPointName=web
time="2021-04-30T01:54:12+02:00" level=error msg="Error while starting server: http: Server closed" entryPointName=web
time="2021-04-30T01:54:12+02:00" level=error msg="accept tcp [::]:443: use of closed network connection" entryPointName=websecure
time="2021-04-30T01:54:12+02:00" level=error msg="Error while starting server: http: Server closed" entryPointName=websecure
time="2021-04-30T01:54:12+02:00" level=error msg="Error while starting server: http: Server closed" entryPointName=web
time="2021-04-30T01:54:12+02:00" level=error msg="Error while starting server: http: Server closed" entryPointName=websecure
time="2021-04-30T01:54:12+02:00" level=error msg="close tcp [::]:80: use of closed network connection" entryPointName=web
time="2021-04-30T01:54:12+02:00" level=error msg="close tcp [::]:443: use of closed network connection" entryPointName=websecure
time="2021-04-30T01:55:23+02:00" level=error msg="accept tcp [::]:443: use of closed network connection" entryPointName=websecure
time="2021-04-30T01:55:23+02:00" level=error msg="Error while starting server: http: Server closed" entryPointName=websecure
time="2021-04-30T01:55:23+02:00" level=error msg="accept tcp [::]:80: use of closed network connection" entryPointName=web
time="2021-04-30T01:55:23+02:00" level=error msg="Error while starting server: http: Server closed" entryPointName=web
time="2021-04-30T01:55:23+02:00" level=error msg="Error while starting server: http: Server closed" entryPointName=web
time="2021-04-30T01:55:23+02:00" level=error msg="Error while starting server: http: Server closed" entryPointName=websecure
time="2021-04-30T01:55:23+02:00" level=error msg="close tcp [::]:80: use of closed network connection" entryPointName=web
time="2021-04-30T01:55:23+02:00" level=error msg="close tcp [::]:443: use of closed network connection" entryPointName=websecure
time="2021-04-30T02:08:42+02:00" level=error msg="accept tcp [::]:80: use of closed network connection" entryPointName=web
time="2021-04-30T02:08:42+02:00" level=error msg="Error while starting server: http: Server closed" entryPointName=web
time="2021-04-30T02:08:42+02:00" level=error msg="Error while starting server: http: Server closed" entryPointName=web
time="2021-04-30T02:08:42+02:00" level=error msg="accept tcp [::]:443: use of closed network connection" entryPointName=websecure
time="2021-04-30T02:08:42+02:00" level=error msg="Error while starting server: http: Server closed" entryPointName=websecure
time="2021-04-30T02:08:42+02:00" level=error msg="Error while starting server: http: Server closed" entryPointName=websecure
time="2021-04-30T02:08:42+02:00" level=error msg="close tcp [::]:80: use of closed network connection" entryPointName=web
time="2021-04-30T02:08:42+02:00" level=error msg="close tcp [::]:443: use of closed network connection" entryPointName=websecure
time="2021-04-30T02:12:51+02:00" level=error msg="accept tcp [::]:443: use of closed network connection" entryPointName=websecure
time="2021-04-30T02:12:51+02:00" level=error msg="Error while starting server: http: Server closed" entryPointName=websecure
time="2021-04-30T02:12:51+02:00" level=error msg="accept tcp [::]:80: use of closed network connection" entryPointName=web
time="2021-04-30T02:12:51+02:00" level=error msg="Error while starting server: http: Server closed" entryPointName=web
time="2021-04-30T02:12:51+02:00" level=error msg="Error while starting server: http: Server closed" entryPointName=websecure
time="2021-04-30T02:12:51+02:00" level=error msg="close tcp [::]:443: use of closed network connection" entryPointName=websecure
time="2021-04-30T02:12:51+02:00" level=error msg="Error while starting server: http: Server closed" entryPointName=web
time="2021-04-30T02:12:51+02:00" level=error msg="close tcp [::]:80: use of closed network connection" entryPointName=web
time="2021-04-30T02:16:19+02:00" level=error msg="accept tcp [::]:80: use of closed network connection" entryPointName=web
time="2021-04-30T02:16:19+02:00" level=error msg="Error while starting server: http: Server closed" entryPointName=web
time="2021-04-30T02:16:19+02:00" level=error msg="Error while starting server: http: Server closed" entryPointName=web
time="2021-04-30T02:16:19+02:00" level=error msg="accept tcp [::]:443: use of closed network connection" entryPointName=websecure
time="2021-04-30T02:16:19+02:00" level=error msg="Error while starting server: http: Server closed" entryPointName=websecure
time="2021-04-30T02:16:19+02:00" level=error msg="Error while starting server: http: Server closed" entryPointName=websecure
time="2021-04-30T02:16:19+02:00" level=error msg="close tcp [::]:443: use of closed network connection" entryPointName=websecure
time="2021-04-30T02:16:19+02:00" level=error msg="close tcp [::]:80: use of closed network connection" entryPointName=web
