[25-Apr-2021 05:36:19] NOTICE: fpm is running, pid 275
[25-Apr-2021 05:36:19] NOTICE: ready to handle connections
[25-Apr-2021 05:44:51] NOTICE: Terminating ...
[25-Apr-2021 05:44:51] NOTICE: exiting, bye-bye!
[25-Apr-2021 05:44:56] NOTICE: fpm is running, pid 265
[25-Apr-2021 05:44:56] NOTICE: ready to handle connections
[25-Apr-2021 05:46:16] NOTICE: Terminating ...
[25-Apr-2021 05:46:16] NOTICE: exiting, bye-bye!
[25-Apr-2021 05:46:21] NOTICE: fpm is running, pid 261
[25-Apr-2021 05:46:21] NOTICE: ready to handle connections
[25-Apr-2021 05:47:44] NOTICE: Terminating ...
[25-Apr-2021 05:47:44] NOTICE: exiting, bye-bye!
[25-Apr-2021 05:48:14] NOTICE: fpm is running, pid 262
[25-Apr-2021 05:48:14] NOTICE: ready to handle connections
[25-Apr-2021 05:48:36] NOTICE: Terminating ...
[25-Apr-2021 05:48:36] NOTICE: exiting, bye-bye!
[29-Apr-2021 22:38:17] NOTICE: fpm is running, pid 263
[29-Apr-2021 22:38:17] NOTICE: ready to handle connections
[29-Apr-2021 22:39:32] NOTICE: Terminating ...
[29-Apr-2021 22:39:32] NOTICE: exiting, bye-bye!
[29-Apr-2021 22:39:39] NOTICE: fpm is running, pid 268
[29-Apr-2021 22:39:39] NOTICE: ready to handle connections
[29-Apr-2021 22:42:10] NOTICE: Terminating ...
[29-Apr-2021 22:42:10] NOTICE: exiting, bye-bye!
[29-Apr-2021 22:42:19] NOTICE: fpm is running, pid 266
[29-Apr-2021 22:42:19] NOTICE: ready to handle connections
[29-Apr-2021 22:43:38] NOTICE: Terminating ...
[29-Apr-2021 22:43:38] NOTICE: exiting, bye-bye!
[29-Apr-2021 22:46:05] NOTICE: fpm is running, pid 259
[29-Apr-2021 22:46:05] NOTICE: ready to handle connections
[29-Apr-2021 22:49:22] NOTICE: Terminating ...
[29-Apr-2021 22:49:22] NOTICE: exiting, bye-bye!
[29-Apr-2021 22:49:29] NOTICE: fpm is running, pid 261
[29-Apr-2021 22:49:29] NOTICE: ready to handle connections
[30-Apr-2021 00:16:19] NOTICE: Terminating ...
[30-Apr-2021 00:16:19] NOTICE: Terminating ...
[30-Apr-2021 00:16:19] NOTICE: exiting, bye-bye!
[30-Apr-2021 00:30:38] NOTICE: fpm is running, pid 262
[30-Apr-2021 00:30:38] NOTICE: ready to handle connections
[30-Apr-2021 01:16:44] NOTICE: Terminating ...
[30-Apr-2021 01:16:44] NOTICE: exiting, bye-bye!
[30-Apr-2021 01:16:49] NOTICE: fpm is running, pid 258
[30-Apr-2021 01:16:49] NOTICE: ready to handle connections
[30-Apr-2021 07:01:10] NOTICE: fpm is running, pid 263
[30-Apr-2021 07:01:10] NOTICE: ready to handle connections
[03-May-2021 06:44:58] NOTICE: fpm is running, pid 260
[03-May-2021 06:44:58] NOTICE: ready to handle connections
[03-May-2021 18:23:39] NOTICE: Terminating ...
[03-May-2021 18:23:39] NOTICE: exiting, bye-bye!
[04-May-2021 07:07:57] NOTICE: fpm is running, pid 266
[04-May-2021 07:07:57] NOTICE: ready to handle connections
[04-May-2021 07:09:42] NOTICE: Terminating ...
[04-May-2021 07:09:42] NOTICE: exiting, bye-bye!
[04-May-2021 07:16:18] NOTICE: fpm is running, pid 259
[04-May-2021 07:16:18] NOTICE: ready to handle connections
[04-May-2021 07:17:42] NOTICE: Terminating ...
[04-May-2021 07:17:42] NOTICE: exiting, bye-bye!
[04-May-2021 07:21:58] NOTICE: fpm is running, pid 260
[04-May-2021 07:21:58] NOTICE: ready to handle connections
[04-May-2021 07:24:44] NOTICE: Terminating ...
[04-May-2021 07:24:44] NOTICE: exiting, bye-bye!
